0 info it worked if it ends with ok
1 verbose cli [ '/usr/local/bin/node', '/usr/local/bin/npm', 'start' ]
2 info using npm@3.10.10
3 info using node@v6.9.4
4 verbose run-script [ 'prestart', 'start', 'poststart' ]
5 info lifecycle email-template-jaoa@1.0.0~prestart: email-template-jaoa@1.0.0
6 silly lifecycle email-template-jaoa@1.0.0~prestart: no script for prestart, continuing
7 info lifecycle email-template-jaoa@1.0.0~start: email-template-jaoa@1.0.0
8 verbose lifecycle email-template-jaoa@1.0.0~start: unsafe-perm in lifecycle true
9 verbose lifecycle email-template-jaoa@1.0.0~start: PATH: /usr/local/lib/node_modules/npm/bin/node-gyp-bin:/Users/psinco/Sites/email-template-jaoa/node_modules/.bin:/Users/psinco/.ocamlbrew/ocaml-4.02.2/.opam/system/bin:/Users/psinco/.ocamlbrew/ocaml-4.02.2/.opam/system/bin:/Users/psinco/.ocamlbrew/ocaml-4.02.2/bin:/Users/psinco/.rvm/gems/ruby-2.1.2/bin:/Users/psinco/.rvm/gems/ruby-2.1.2@global/bin:/Users/psinco/.rvm/rubies/ruby-2.1.2/bin:/Users/psinco/.composer/vendor/bin:vendor/bin:/Users/psinco:/usr/local/bin:/usr/local/sbin:./vendor/bin:/Applications/MAMP/bin/php/php5.5.3/bin:/usr/local/mysql-5.6.12-osx10.7-x86_64/bin:/usr/local/bin:/usr/bin:/bin:/usr/sbin:/sbin:/opt/X11/bin:/Users/psinco/.rvm/bin:/usr/local/mysql/bin
10 verbose lifecycle email-template-jaoa@1.0.0~start: CWD: /Users/psinco/Sites/email-template-jaoa
11 silly lifecycle email-template-jaoa@1.0.0~start: Args: [ '-c', 'webpack-dev-server --progress --colors --inline' ]
12 silly lifecycle email-template-jaoa@1.0.0~start: Returned: code: 1  signal: null
13 info lifecycle email-template-jaoa@1.0.0~start: Failed to exec start script
14 verbose stack Error: email-template-jaoa@1.0.0 start: `webpack-dev-server --progress --colors --inline`
14 verbose stack Exit status 1
14 verbose stack     at EventEmitter.<anonymous> (/usr/local/lib/node_modules/npm/lib/utils/lifecycle.js:255:16)
14 verbose stack     at emitTwo (events.js:106:13)
14 verbose stack     at EventEmitter.emit (events.js:191:7)
14 verbose stack     at ChildProcess.<anonymous> (/usr/local/lib/node_modules/npm/lib/utils/spawn.js:40:14)
14 verbose stack     at emitTwo (events.js:106:13)
14 verbose stack     at ChildProcess.emit (events.js:191:7)
14 verbose stack     at maybeClose (internal/child_process.js:877:16)
14 verbose stack     at Process.ChildProcess._handle.onexit (internal/child_process.js:226:5)
15 verbose pkgid email-template-jaoa@1.0.0
16 verbose cwd /Users/psinco/Sites/email-template-jaoa
17 error Darwin 14.5.0
18 error argv "/usr/local/bin/node" "/usr/local/bin/npm" "start"
19 error node v6.9.4
20 error npm  v3.10.10
21 error code ELIFECYCLE
22 error email-template-jaoa@1.0.0 start: `webpack-dev-server --progress --colors --inline`
22 error Exit status 1
23 error Failed at the email-template-jaoa@1.0.0 start script 'webpack-dev-server --progress --colors --inline'.
23 error Make sure you have the latest version of node.js and npm installed.
23 error If you do, this is most likely a problem with the email-template-jaoa package,
23 error not with npm itself.
23 error Tell the author that this fails on your system:
23 error     webpack-dev-server --progress --colors --inline
23 error You can get information on how to open an issue for this project with:
23 error     npm bugs email-template-jaoa
23 error Or if that isn't available, you can get their info via:
23 error     npm owner ls email-template-jaoa
23 error There is likely additional logging output above.
24 verbose exit [ 1, true ]
